Exploring dx_engine capabilities...

=== Module Attributes ===
 - Configuration
 - DeviceStatus
 - InferenceEngine
 - InferenceOption
 - RuntimeEventDispatcher
 - capi
 - configuration
 - device_status
 - dtype
 - inference_engine
 - inference_option
 - runtime_event_dispatcher
 - utils
 - version

=== InferenceEngine Methods ===
 - RegisterCallBack
 - Run
 - RunAsync
 - RunBatch
 - RunBenchMark
 - ValidateDevice
 - Wait
 - _analyze_input_format
 - _create_output_buffers
 - _fetch_input_tensors_info
 - _fetch_output_tensors_info
 - _is_multi_output_model
 - _prepare_output_buffers
 - _prepare_user_args
 - _should_auto_split_input
 - _should_auto_split_output
 - _split_input_buffer
 - _split_output_buffer
 - _validate_output_buffer_size
 - bitmatch_mask
 - dispose
 - from_buffer
 - get_all_task_outputs
 - get_bitmatch_mask
 - get_compile_type
 - get_input_data_type
 - get_input_size
 - get_input_tensor_count
 - get_input_tensor_names
 - get_input_tensor_sizes
 - get_input_tensor_to_task_mapping
 - get_input_tensors_info
 - get_latency
 - get_latency_count
 - get_latency_list
 - get_latency_mean
 - get_latency_std
 - get_model_version
 - get_npu_inference_time
 - get_npu_inference_time_count
 - get_npu_inference_time_list
 - get_npu_inference_time_mean
 - get_npu_inference_time_std
 - get_num_tail_tasks
 - get_num_tails
 - get_output_data_type
 - get_output_size
 - get_output_tensor_count
 - get_output_tensor_names
 - get_output_tensor_sizes
 - get_output_tensors_info
 - get_outputs
 - get_task_order
 - has_dynamic_output
 - inference_time
 - input_dtype
 - input_size
 - is_PPU
 - is_multi_input_model
 - is_ppu
 - latency
 - output_dtype
 - output_size
 - register_callback
 - run
 - run_async
 - run_async_multi_input
 - run_batch
 - run_benchmark
 - run_multi_input
 - task_order
 - validate_device
 - validate_device_multi_input
 - wait
